
> oncology-patient-data-manager@0.0.0 dev
> tsx server.ts

◇ injected env (16) from .ene.new // tip: ◈ secrets for agents [www.dotenvx.com]
◇ injected env (11) from .env // tip: ◈ encrypted .env [www.dotenvx.com]
3:52:25 AM [vite] (client) Re-optimizing dependencies because lockfile has changed
Server running at http://localhost:3000
10:22:59 AM [vite] .env.local changed, restarting server...
10:22:59 AM [vite] server restarted.
6:48:53 PM [vite] (client) Pre-transform error: /Users/nemroin/.opencode/src/components/TrashView.tsx: Unexpected token, expected "," (80:10)

  78 |             {isClearing ? "Purging..." : "Empty Trash"}
  79 |           </button>
> 80 |           {process.env.NODE_ENV === "development" && (
     |           ^
  81 |             <button
  82 |               onClick={() => {
  83 |                 console.log("DEBUG: Trash contents:", deletedPatients);
  Plugin: vite:react-babel
  File: /Users/nemroin/.opencode/src/components/TrashView.tsx:80:10
  78 |              {isClearing ? "Purging..." : "Empty Trash"}
  79 |            </button>
  80 |            {process.env.NODE_ENV === "development" && (
     |            ^
  81 |              <button
  82 |                onClick={() => {
Successfully deleted Drive file: 1nz_Kgk97iOz8wz10YqbOJv-uOBayzUwU
Successfully deleted Drive file: 134w02IMq_oVlwZgvHhTB2PNQQ3NINFil
Successfully deleted Drive file: 1q8iUQ0efz3aiRLzPjstHCQPnTPApA4ti
